"/Users/xupengfei/Library/CloudStorage/OneDrive-JapanAdvancedInstituteofScienceandTechnology/ドキュメント/I437E Coding Theory/.venv314/bin/python" /Users/xupengfei/Library/CloudStorage/OneDrive-JapanAdvancedInstituteofScienceandTechnology/ドキュメント/I437E Coding Theory/Code/main.py
=== GRAND (Guessing Random Additive Noise Decoding) Simulation Framework ===


================================================================================
>>> Single run: code=Golay(24,12), decoder=SyndromeDecoder, channel=BSCChannel
--------------------------------------------------------------------------------
u (12): [0 0 1 1 1 1 1 0 0 1 1 1]
c (24): [0 0 1 1 1 1 1 0 0 1 1 1 1 0 1 1 0 0 0 1 0 0 0 0]
y        : [0 0 1 1 1 1 0 0 0 1 1 1 1 0 1 1 0 0 0 1 0 0 0 0]
c_hat    : [0 0 1 1 1 1 1 0 0 1 1 1 1 0 1 1 0 0 0 1 0 0 0 0]
u_hat    : [0 0 1 1 1 1 1 0 0 1 1 1]
bit errs : 0 / 12
block OK : True
================================================================================

================================================================================
>>> Single run: code=Golay(24,12), decoder=MLDecoder, channel=BSCChannel
--------------------------------------------------------------------------------
u (12): [1 0 1 1 1 0 1 1 1 1 0 1]
c (24): [1 0 1 1 1 0 1 1 1 1 0 1 1 1 0 1 0 1 1 0 0 0 1 1]
y        : [1 0 1 1 1 0 1 1 1 1 0 1 0 1 0 1 0 0 0 1 0 0 1 1]
c_hat    : [0 0 1 1 1 0 1 1 1 1 0 1 0 0 0 1 0 0 0 1 0 1 1 0]
u_hat    : [0 0 1 1 1 0 1 1 1 1 0 1]
bit errs : 1 / 12
block OK : False
queries  : 4096
================================================================================

================================================================================
>>> Single run: code=Golay(24,12), decoder=GRANDDecoder, channel=BSCChannel
--------------------------------------------------------------------------------
u (12): [1 0 1 1 0 1 1 1 0 1 1 1]
c (24): [1 0 1 1 0 1 1 1 0 1 1 1 0 1 1 1 1 1 0 1 1 0 0 0]
y        : [1 1 1 1 0 1 0 1 0 1 1 1 0 1 1 1 1 1 0 0 1 0 0 0]
c_hat    : [1 0 1 1 0 1 1 1 0 1 1 1 0 1 1 1 1 1 0 1 1 0 0 0]
u_hat    : [1 0 1 1 0 1 1 1 0 1 1 1]
bit errs : 0 / 12
block OK : True
queries  : 645
================================================================================

================================================================================
>>> Single run: code=Golay(23,12), decoder=SyndromeDecoder, channel=BSCChannel
--------------------------------------------------------------------------------
u (12): [1 0 0 1 0 0 0 0 1 0 0 0]
c (23): [1 1 0 1 1 1 1 1 0 1 1 1 1 1 0 1 0 1 0 1 0 0 0]
y        : [1 1 0 1 1 1 1 1 0 1 1 1 1 1 0 1 0 0 0 1 0 0 0]
c_hat    : [1 1 0 1 1 1 1 1 0 1 1 1 1 1 0 1 0 1 0 1 0 0 0]
u_hat    : [1 0 0 1 0 0 0 0 1 0 0 0]
bit errs : 0 / 12
block OK : True
================================================================================

================================================================================
>>> Single run: code=Golay(23,12), decoder=MLDecoder, channel=BSCChannel
--------------------------------------------------------------------------------
u (12): [1 1 0 1 0 0 1 0 1 1 1 0]
c (23): [1 0 1 1 1 1 1 1 1 0 0 1 1 0 1 0 0 1 1 0 1 1 0]
y        : [1 0 1 1 1 0 0 1 1 1 1 1 1 0 1 0 0 1 1 0 1 1 0]
c_hat    : [1 0 0 0 1 0 0 1 1 1 1 1 1 0 1 0 0 1 0 0 1 1 0]
u_hat    : [1 1 1 1 0 1 1 1 1 1 1 0]
bit errs : 3 / 12
block OK : False
queries  : 4096
================================================================================

================================================================================
>>> Single run: code=Golay(23,12), decoder=GRANDDecoder, channel=BSCChannel
--------------------------------------------------------------------------------
u (12): [0 0 1 1 0 1 0 1 1 1 1 1]
c (23): [0 0 1 0 1 1 1 0 0 0 0 0 0 1 1 1 1 1 1 0 0 1 1]
y        : [1 0 1 0 1 0 1 0 0 0 0 0 0 1 1 1 1 1 0 0 0 1 0]
c_hat    : [1 1 1 1 1 0 1 0 0 0 0 0 0 1 1 1 1 0 0 0 0 1 0]
u_hat    : [1 0 1 0 1 0 0 0 1 0 1 0]
bit errs : 7 / 12
block OK : False
queries  : 542
================================================================================

================================================================================
>>> Single run: code=Hamming(8,4), decoder=SyndromeDecoder, channel=BSCChannel
--------------------------------------------------------------------------------
u ( 4): [1 1 1 1]
c ( 8): [1 1 1 1 1 1 1 1]
y        : [1 1 1 1 1 1 1 1]
c_hat    : [1 1 1 1 1 1 1 1]
u_hat    : [1 1 1 1]
bit errs : 0 / 4
block OK : True
================================================================================

================================================================================
>>> Single run: code=Hamming(8,4), decoder=MLDecoder, channel=BSCChannel
--------------------------------------------------------------------------------
u ( 4): [1 1 0 1]
c ( 8): [1 1 0 1 1 0 0 0]
y        : [0 1 0 1 1 0 0 0]
c_hat    : [1 1 0 1 1 0 0 0]
u_hat    : [1 1 0 1]
bit errs : 0 / 4
block OK : True
queries  : 16
================================================================================

================================================================================
>>> Single run: code=Hamming(8,4), decoder=GRANDDecoder, channel=BSCChannel
--------------------------------------------------------------------------------
u ( 4): [0 0 1 1]
c ( 8): [0 0 1 1 1 0 0 1]
y        : [0 0 1 1 1 0 0 1]
c_hat    : [0 0 1 1 1 0 0 1]
u_hat    : [0 0 1 1]
bit errs : 0 / 4
block OK : True
queries  : 1
================================================================================

================================================================================
>>> Single run: code=Golay(24,12), decoder=MLDecoder, channel=BIAWGNChannel
--------------------------------------------------------------------------------
u (12): [0 0 0 0 1 1 1 0 0 0 1 0]
c (24): [0 0 0 0 1 1 1 0 0 0 1 0 0 0 0 1 1 0 1 1 0 0 0 0]
y        : [ 1.13,  1.48,  0.87,  3.33, -1.23,  1.04, -0.35,  9.59,  4.91,  4.4 ,
  0.89,  1.65,  2.85,  4.73,  6.23, -4.59,  3.4 ,  2.83,  0.11, -2.64,
  0.42,  1.79,  0.01,  1.76]
c_hat    : [1 0 1 0 1 0 0 0 0 0 1 1 0 0 0 1 0 0 0 1 0 0 1 0]
u_hat    : [1 0 1 0 1 0 0 0 0 0 1 1]
bit errs : 5 / 12
block OK : False
queries  : 4096
================================================================================

================================================================================
>>> Single run: code=Golay(24,12), decoder=ORB_GRANDDecoder, channel=BIAWGNChannel
--------------------------------------------------------------------------------
u (12): [0 1 0 0 0 1 0 1 0 0 0 0]
c (24): [0 1 0 0 0 1 0 1 0 0 0 0 1 0 0 0 1 1 0 0 0 1 0 1]
y        : [-2.87,  0.02, -1.62, -1.8 ,  0.75,  0.42,  1.52, -0.7 , -1.58, -1.11,
  0.98,  2.03,  0.21, -2.65,  1.11, -0.68, -1.91, -0.23,  3.8 ,  2.67,
  5.47, -0.18, -3.97,  2.02]
c_hat    : [1 1 1 1 0 0 0 0 1 1 0 0 0 1 0 1 1 1 0 0 0 0 1 1]
u_hat    : [1 1 1 1 0 0 0 0 1 1 0 0]
bit errs : 7 / 12
block OK : False
queries  : 2413
================================================================================

================================================================================
>>> Single run: code=Golay(24,12), decoder=SGRANDDecoder, channel=BIAWGNChannel
--------------------------------------------------------------------------------
u (12): [0 1 0 0 1 0 0 0 0 0 1 0]
c (24): [0 1 0 0 1 0 0 0 0 0 1 0 1 1 0 0 1 1 0 1 1 1 1 1]
y        : [ 2.18, -2.11,  3.8 ,  2.4 ,  0.86,  3.44,  3.48, -1.6 ,  2.06, -0.04,
 -4.59, -2.08, -1.7 ,  0.57, -1.81, -0.62,  1.47,  0.02,  1.83, -0.75,
 -4.35, -5.07,  4.81,  0.02]
c_hat    : [0 1 0 1 0 0 0 1 0 0 1 1 0 0 1 1 0 0 1 1 1 1 0 1]
u_hat    : [0 1 0 1 0 0 0 1 0 0 1 1]
bit errs : 4 / 12
block OK : False
queries  : 8161
================================================================================

================================================================================
>>> Single run: code=Golay(23,12), decoder=MLDecoder, channel=BIAWGNChannel
--------------------------------------------------------------------------------
u (12): [0 0 1 1 1 0 0 0 1 0 1 1]
c (23): [0 0 1 0 0 1 0 1 1 0 1 0 0 1 0 1 0 1 1 0 1 1 1]
y        : [ 1.54,  2.8 , -1.54,  2.17, -1.1 , -1.89,  1.66, -0.9 , -1.46,  0.73,
 -4.77, -0.48,  3.71, -0.79,  0.09, -0.79,  3.84, -0.84, -4.65, -0.29,
 -2.34, -2.4 , -2.37]
c_hat    : [0 0 1 0 0 1 0 1 1 0 1 0 0 1 0 1 0 1 1 0 1 1 1]
u_hat    : [0 0 1 1 1 0 0 0 1 0 1 1]
bit errs : 0 / 12
block OK : True
queries  : 4096
================================================================================

================================================================================
>>> Single run: code=Golay(23,12), decoder=ORB_GRANDDecoder, channel=BIAWGNChannel
--------------------------------------------------------------------------------
u (12): [0 0 1 0 0 0 1 1 0 1 1 1]
c (23): [0 0 1 1 0 0 1 1 0 0 0 0 1 1 0 1 0 1 1 1 0 1 1]
y        : [ 0.6 ,  2.07, -4.12,  1.01,  1.44,  2.73,  1.88, -0.86, -2.81,  7.37,
  1.95,  0.47, -3.28,  1.23, -1.85, -0.03, -2.18, -0.1 , -1.23, -2.96,
 -0.03,  1.79, -0.53]
c_hat    : [0 0 1 1 0 0 0 1 0 0 0 0 1 0 1 1 1 0 1 1 1 0 1]
u_hat    : [0 0 1 0 0 0 0 0 1 0 0 1]
bit errs : 5 / 12
block OK : False
queries  : 799
================================================================================

================================================================================
>>> Single run: code=Golay(23,12), decoder=SGRANDDecoder, channel=BIAWGNChannel
--------------------------------------------------------------------------------
u (12): [0 1 1 1 1 1 1 0 1 1 1 1]
c (23): [0 1 0 0 0 0 1 1 0 1 0 0 1 0 0 1 0 0 0 0 0 1 1]
y        : [-0.54,  0.01,  2.23,  1.42,  1.21, -0.61,  1.54,  1.18,  1.9 , -0.1 ,
  0.43,  1.13,  1.17, -1.79,  3.84,  1.56,  1.23,  1.2 ,  3.17,  0.22,
 -0.37, -2.9 , -2.11]
c_hat    : [1 0 0 0 0 0 0 0 0 0 0 1 0 1 0 0 1 0 0 1 1 1 1]
u_hat    : [1 1 1 1 1 0 0 1 0 0 1 1]
bit errs : 6 / 12
block OK : False
queries  : 2628
================================================================================

================================================================================
>>> Single run: code=Hamming(8,4), decoder=MLDecoder, channel=BIAWGNChannel
--------------------------------------------------------------------------------
u ( 4): [1 0 0 0]
c ( 8): [1 0 0 0 1 1 0 1]
y        : [-3.27,  1.22,  1.04,  1.06, -4.33,  0.26,  1.2 , -4.71]
c_hat    : [1 0 0 0 1 1 0 1]
u_hat    : [1 0 0 0]
bit errs : 0 / 4
block OK : True
queries  : 16
================================================================================

================================================================================
>>> Single run: code=Hamming(8,4), decoder=ORB_GRANDDecoder, channel=BIAWGNChannel
--------------------------------------------------------------------------------
u ( 4): [0 0 0 0]
c ( 8): [0 0 0 0 0 0 0 0]
y        : [ 1.85,  1.55,  1.29,  2.94, -1.02,  1.78,  0.76,  0.53]
c_hat    : [0 0 0 0 0 0 0 0]
u_hat    : [0 0 0 0]
bit errs : 0 / 4
block OK : True
queries  : 4
================================================================================

================================================================================
>>> Single run: code=Hamming(8,4), decoder=SGRANDDecoder, channel=BIAWGNChannel
--------------------------------------------------------------------------------
u ( 4): [1 1 1 1]
c ( 8): [1 1 1 1 1 1 1 1]
y        : [-2.44,  1.83, -1.23,  0.85,  2.48,  1.11, -0.96, -2.13]
c_hat    : [1 0 0 1 0 0 1 1]
u_hat    : [1 0 0 1]
bit errs : 2 / 4
block OK : False
queries  : 11
================================================================================

=== Starting Parallel Sweep: ORB-GRAND (13 points) ===
[ORB-GRAND] Eb/N0=-3.00 dB | WER=4.566e-01 | BER=1.587e-01 | Blocks=219
[ORB-GRAND] Eb/N0=-2.50 dB | WER=3.460e-01 | BER=1.104e-01 | Blocks=289
[ORB-GRAND] Eb/N0=-2.00 dB | WER=2.558e-01 | BER=8.696e-02 | Blocks=391
[ORB-GRAND] Eb/N0=-1.50 dB | WER=1.988e-01 | BER=6.809e-02 | Blocks=503
[ORB-GRAND] Eb/N0=-1.00 dB | WER=1.389e-01 | BER=4.826e-02 | Blocks=720
[ORB-GRAND] Eb/N0=-0.50 dB | WER=9.980e-02 | BER=3.252e-02 | Blocks=1002
[ORB-GRAND] Eb/N0= 0.00 dB | WER=5.574e-02 | BER=1.886e-02 | Blocks=1794
[ORB-GRAND] Eb/N0= 0.50 dB | WER=4.160e-02 | BER=1.407e-02 | Blocks=2404
[ORB-GRAND] Eb/N0= 1.00 dB | WER=1.739e-02 | BER=6.145e-03 | Blocks=5750
[ORB-GRAND] Eb/N0= 1.50 dB | WER=9.004e-03 | BER=2.911e-03 | Blocks=11106
[ORB-GRAND] Eb/N0= 2.00 dB | WER=3.823e-03 | BER=1.287e-03 | Blocks=26156
[ORB-GRAND] Eb/N0= 2.50 dB | WER=1.307e-03 | BER=4.347e-04 | Blocks=76488
[ORB-GRAND] Eb/N0= 3.00 dB | WER=3.933e-04 | BER=1.354e-04 | Blocks=254268

=== Starting Parallel Sweep: SGRAND (13 points) ===
[SGRAND] Eb/N0=-2.50 dB | WER=1.957e-01 | BER=6.507e-02 | Blocks=511
[SGRAND] Eb/N0=-2.00 dB | WER=1.511e-01 | BER=5.136e-02 | Blocks=662
[SGRAND] Eb/N0=-3.00 dB | WER=2.137e-01 | BER=7.158e-02 | Blocks=468
[SGRAND] Eb/N0=-1.50 dB | WER=9.718e-02 | BER=3.328e-02 | Blocks=1029
[SGRAND] Eb/N0=-1.00 dB | WER=5.071e-02 | BER=1.741e-02 | Blocks=1972
[SGRAND] Eb/N0=-0.50 dB | WER=2.330e-02 | BER=7.807e-03 | Blocks=4291
[SGRAND] Eb/N0= 0.00 dB | WER=1.079e-02 | BER=3.462e-03 | Blocks=9266
[SGRAND] Eb/N0= 0.50 dB | WER=5.716e-03 | BER=1.958e-03 | Blocks=17495
[SGRAND] Eb/N0= 1.00 dB | WER=1.793e-03 | BER=5.843e-04 | Blocks=55766
[SGRAND] Eb/N0= 1.50 dB | WER=5.390e-04 | BER=1.801e-04 | Blocks=185532
[SGRAND] Eb/N0= 3.00 dB | WER=5.500e-06 | BER=2.000e-06 | Blocks=2000000
[SGRAND] Eb/N0= 2.00 dB | WER=1.365e-04 | BER=4.687e-05 | Blocks=732486
[SGRAND] Eb/N0= 2.50 dB | WER=2.250e-05 | BER=7.667e-06 | Blocks=2000000

=== Starting Parallel Sweep: ML (13 points) ===
[ML] Eb/N0=-3.00 dB | WER=2.933e-01 | BER=9.531e-02 | Blocks=341
[ML] Eb/N0=-2.50 dB | WER=1.832e-01 | BER=6.105e-02 | Blocks=546
[ML] Eb/N0=-2.00 dB | WER=1.332e-01 | BER=4.261e-02 | Blocks=751
[ML] Eb/N0=-1.50 dB | WER=7.564e-02 | BER=2.484e-02 | Blocks=1322
[ML] Eb/N0=-1.00 dB | WER=4.699e-02 | BER=1.539e-02 | Blocks=2128
[ML] Eb/N0=-0.50 dB | WER=2.430e-02 | BER=7.856e-03 | Blocks=4116
[ML] Eb/N0= 0.00 dB | WER=1.309e-02 | BER=4.199e-03 | Blocks=7640
[ML] Eb/N0= 0.50 dB | WER=5.407e-03 | BER=1.766e-03 | Blocks=18493
[ML] Eb/N0= 1.00 dB | WER=2.076e-03 | BER=6.904e-04 | Blocks=48162
[ML] Eb/N0= 1.50 dB | WER=5.260e-04 | BER=1.705e-04 | Blocks=190116
[ML] Eb/N0= 2.00 dB | WER=1.440e-04 | BER=4.573e-05 | Blocks=694343
[ML] Eb/N0= 2.50 dB | WER=3.400e-05 | BER=1.150e-05 | Blocks=2000000
[ML] Eb/N0= 3.00 dB | WER=7.000e-06 | BER=2.333e-06 | Blocks=2000000

Process finished with exit code 0











"/Users/xupengfei/Library/CloudStorage/OneDrive-JapanAdvancedInstituteofScienceandTechnology/ドキュメント/I437E Coding Theory/.venv314/bin/python" /Users/xupengfei/Library/CloudStorage/OneDrive-JapanAdvancedInstituteofScienceandTechnology/ドキュメント/I437E Coding Theory/Code/main.py
=== GRAND (Guessing Random Additive Noise Decoding) Simulation Framework ===


================================================================================
>>> Single run: code=Golay(24,12), decoder=SyndromeDecoder, channel=BSCChannel
--------------------------------------------------------------------------------
u (12): [0 1 0 1 0 1 1 0 1 0 0 1]
c (24): [0 1 0 1 0 1 1 0 1 0 0 1 1 1 1 1 1 1 1 1 0 1 1 0]
y        : [0 0 0 1 1 1 1 0 1 0 0 1 1 1 1 1 1 1 1 1 0 1 1 1]
--------------------------------------------------------------------------------
decoder  : SyndromeDecoder
c_hat    : [0 1 0 1 0 1 1 0 1 0 0 1 1 1 1 1 1 1 1 1 0 1 1 0]
u_hat    : [0 1 0 1 0 1 1 0 1 0 0 1]
block OK : True
================================================================================

================================================================================
>>> Single run: code=Golay(24,12), decoder=MLDecoder, channel=BSCChannel
--------------------------------------------------------------------------------
u (12): [1 0 1 0 0 1 0 1 1 0 1 0]
c (24): [1 0 1 0 0 1 0 1 1 0 1 0 1 0 0 1 0 0 0 1 1 0 1 1]
y        : [1 0 0 1 1 1 0 1 1 0 1 0 1 0 1 1 0 0 0 0 1 0 1 1]
--------------------------------------------------------------------------------
decoder  : MLDecoder
c_hat    : [1 0 0 1 1 1 0 1 1 0 0 0 1 0 1 1 0 0 1 0 0 0 1 1]
u_hat    : [1 0 0 1 1 1 0 1 1 0 0 0]
block OK : False
queries  : 4096
================================================================================

================================================================================
>>> Single run: code=Golay(24,12), decoder=GRANDDecoder, channel=BSCChannel
--------------------------------------------------------------------------------
u (12): [0 1 0 1 1 0 0 1 1 1 1 0]
c (24): [0 1 0 1 1 0 0 1 1 1 1 0 1 1 1 1 0 1 0 1 1 1 0 1]
y        : [0 1 0 1 1 0 0 1 1 1 1 0 1 1 0 1 0 1 0 0 1 1 0 1]
--------------------------------------------------------------------------------
decoder  : GRANDDecoder
c_hat    : [0 1 0 1 1 0 0 1 1 1 1 0 1 1 1 1 0 1 0 1 1 1 0 1]
u_hat    : [0 1 0 1 1 0 0 1 1 1 1 0]
block OK : True
queries  : 261
================================================================================

================================================================================
>>> Single run: code=Golay(23,12), decoder=SyndromeDecoder, channel=BSCChannel
--------------------------------------------------------------------------------
u (12): [1 0 0 1 0 1 1 1 1 1 0 1]
c (23): [1 1 0 1 1 0 1 1 1 0 1 0 1 1 1 1 0 1 1 1 0 0 1]
y        : [1 1 0 1 1 0 1 0 1 0 1 0 1 1 1 1 0 1 1 1 0 0 1]
--------------------------------------------------------------------------------
decoder  : SyndromeDecoder
c_hat    : [1 1 0 1 1 0 1 1 1 0 1 0 1 1 1 1 0 1 1 1 0 0 1]
u_hat    : [1 0 0 1 0 1 1 1 1 1 0 1]
block OK : True
================================================================================

================================================================================
>>> Single run: code=Golay(23,12), decoder=MLDecoder, channel=BSCChannel
--------------------------------------------------------------------------------
u (12): [0 1 0 1 0 0 0 0 0 1 1 0]
c (23): [0 1 1 1 1 0 1 1 0 0 0 1 0 0 0 0 0 1 1 1 1 1 0]
y        : [0 1 1 1 1 0 1 1 0 0 0 1 0 0 0 0 0 0 1 0 1 1 0]
--------------------------------------------------------------------------------
decoder  : MLDecoder
c_hat    : [0 1 1 1 1 0 1 1 0 0 0 1 0 0 0 0 0 1 1 1 1 1 0]
u_hat    : [0 1 0 1 0 0 0 0 0 1 1 0]
block OK : True
queries  : 4096
================================================================================

================================================================================
>>> Single run: code=Golay(23,12), decoder=GRANDDecoder, channel=BSCChannel
--------------------------------------------------------------------------------
u (12): [0 1 1 1 0 1 0 0 1 1 0 0]
c (23): [0 1 0 0 1 1 0 0 0 0 0 0 1 0 0 0 0 1 1 1 1 0 0]
y        : [0 1 0 0 1 0 0 0 0 0 0 0 1 0 0 0 0 1 1 1 1 0 0]
--------------------------------------------------------------------------------
decoder  : GRANDDecoder
c_hat    : [0 1 0 0 1 1 0 0 0 0 0 0 1 0 0 0 0 1 1 1 1 0 0]
u_hat    : [0 1 1 1 0 1 0 0 1 1 0 0]
block OK : True
queries  : 7
================================================================================

================================================================================
>>> Single run: code=Hamming(8,4), decoder=SyndromeDecoder, channel=BSCChannel
--------------------------------------------------------------------------------
u ( 4): [1 1 0 0]
c ( 8): [1 1 0 0 0 1 1 0]
y        : [0 1 0 0 0 0 1 0]
--------------------------------------------------------------------------------
decoder  : SyndromeDecoder
c_hat    : [0 1 0 0 0 0 1 0]
u_hat    : [0 1 0 0]
block OK : False
================================================================================

================================================================================
>>> Single run: code=Hamming(8,4), decoder=MLDecoder, channel=BSCChannel
--------------------------------------------------------------------------------
u ( 4): [1 1 0 1]
c ( 8): [1 1 0 1 1 0 0 0]
y        : [1 1 1 1 1 1 0 0]
--------------------------------------------------------------------------------
decoder  : MLDecoder
c_hat    : [0 1 1 0 1 1 0 0]
u_hat    : [0 1 1 0]
block OK : False
queries  : 16
================================================================================

================================================================================
>>> Single run: code=Hamming(8,4), decoder=GRANDDecoder, channel=BSCChannel
--------------------------------------------------------------------------------
u ( 4): [0 0 0 1]
c ( 8): [0 0 0 1 1 1 1 0]
y        : [0 0 0 1 1 1 1 0]
--------------------------------------------------------------------------------
decoder  : GRANDDecoder
c_hat    : [0 0 0 1 1 1 1 0]
u_hat    : [0 0 0 1]
block OK : True
queries  : 1
================================================================================

================================================================================
>>> Single run: code=Golay(24,12), decoder=MLDecoder, channel=BIAWGNChannel
--------------------------------------------------------------------------------
u (12): [1 1 1 1 0 1 1 1 0 1 0 1]
c (24): [1 1 1 1 0 1 1 1 0 1 0 1 1 0 0 0 1 1 0 1 1 1 0 1]
y        : [-3.93, -3.  ,  1.33, -2.44, -1.16, -3.21, -3.96, -2.26,  2.31, -1.01,
  0.01, -3.14,  1.51,  2.41,  0.52,  3.14,  0.7 , -2.34,  2.04, -0.05,
 -2.44, -1.97,  1.94, -3.38]
--------------------------------------------------------------------------------
decoder  : MLDecoder
c_hat    : [1 1 1 1 0 1 1 1 0 1 0 1 1 0 0 0 1 1 0 1 1 1 0 1]
u_hat    : [1 1 1 1 0 1 1 1 0 1 0 1]
block OK : True
queries  : 4096
================================================================================

================================================================================
>>> Single run: code=Golay(24,12), decoder=GRANDDecoder, channel=BIAWGNChannel
--------------------------------------------------------------------------------
u (12): [0 1 0 0 1 0 1 1 1 1 1 0]
c (24): [0 1 0 0 1 0 1 1 1 1 1 0 1 1 1 0 0 0 1 0 0 1 0 0]
y        : [-0.23, -2.87, -1.78,  5.19, -1.75,  3.1 , -2.43, -2.33, -4.75,  0.06,
  3.36,  0.71, -1.05,  2.5 , -2.02,  3.02,  1.59,  0.76,  3.63, -0.64,
 -3.71,  0.01,  1.26, -0.35]
--------------------------------------------------------------------------------
decoder  : GRANDDecoder
c_hat    : [0 1 0 1 1 0 1 1 1 0 0 0 1 0 1 0 0 0 1 1 1 0 0 1]
u_hat    : [0 1 0 1 1 0 1 1 1 0 0 0]
block OK : False
queries  : 2571
================================================================================

================================================================================
>>> Single run: code=Golay(24,12), decoder=SGRANDDecoder, channel=BIAWGNChannel
--------------------------------------------------------------------------------
u (12): [1 0 1 1 1 1 0 1 0 0 1 0]
c (24): [1 0 1 1 1 1 0 1 0 0 1 0 0 0 0 0 1 0 1 1 0 0 1 1]
y        : [-2.88, -0.71, -0.36,  0.82,  0.21,  0.91,  1.68,  1.39, -1.15, -0.95,
  0.31,  2.24, -0.72, -3.08,  0.06, -1.06,  4.08,  4.32, -2.22, -1.74,
 -0.47,  0.52, -1.44, -0.38]
--------------------------------------------------------------------------------
decoder  : SGRANDDecoder
c_hat    : [1 1 0 0 0 0 0 0 1 1 0 0 1 1 0 1 0 0 0 1 1 1 1 1]
u_hat    : [1 1 0 0 0 0 0 0 1 1 0 0]
block OK : False
queries  : 4079
================================================================================

================================================================================
>>> Single run: code=Golay(23,12), decoder=MLDecoder, channel=BIAWGNChannel
--------------------------------------------------------------------------------
u (12): [0 0 0 0 1 1 0 0 1 1 0 0]
c (23): [0 0 0 0 1 0 1 0 1 1 1 0 1 0 1 1 0 1 1 1 1 0 0]
y        : [ 0.59,  2.23,  4.09,  0.15, -3.05,  1.01, -2.9 , -2.06, -3.21, -2.05,
 -0.59,  1.73,  2.29,  1.69, -0.71, -2.05,  3.59,  1.36,  1.23,  1.18,
 -1.71,  1.48,  4.  ]
--------------------------------------------------------------------------------
decoder  : MLDecoder
c_hat    : [0 0 0 0 1 0 1 1 1 1 0 0 0 0 0 1 0 0 1 0 0 0 0]
u_hat    : [0 0 0 0 1 1 0 1 0 0 0 0]
block OK : False
queries  : 4096
================================================================================

================================================================================
>>> Single run: code=Golay(23,12), decoder=GRANDDecoder, channel=BIAWGNChannel
--------------------------------------------------------------------------------
u (12): [0 0 0 1 1 0 0 0 1 1 1 0]
c (23): [0 0 0 1 0 1 0 0 0 0 0 0 1 0 1 0 0 0 1 0 1 1 0]
y        : [ 0.15, -0.32, -0.66,  3.42,  2.23, -2.14,  3.04, -0.13,  5.73,  1.  ,
 -0.96,  2.24, -2.75,  1.59,  0.39, -3.05,  0.53, -3.42, -4.74,  2.85,
 -1.5 ,  3.29,  0.72]
--------------------------------------------------------------------------------
decoder  : GRANDDecoder
c_hat    : [0 1 1 0 1 1 0 1 0 0 1 0 1 1 0 1 0 1 0 0 1 0 0]
u_hat    : [0 1 0 0 1 0 1 1 0 1 0 0]
block OK : False
queries  : 1192
================================================================================

================================================================================
>>> Single run: code=Golay(23,12), decoder=SGRANDDecoder, channel=BIAWGNChannel
--------------------------------------------------------------------------------
u (12): [1 0 1 0 1 0 0 0 1 1 0 1]
c (23): [1 1 1 1 1 0 1 0 0 1 0 0 1 1 0 1 0 0 0 1 0 0 1]
y        : [ 0.1 ,  4.12,  1.57,  3.45,  0.53,  3.81, -2.48,  3.66, -0.9 ,  5.63,
  3.86,  0.17, -0.84,  0.33,  1.59, -1.92, -0.5 , -1.11,  2.85, -6.69,
  0.08,  6.67, -3.64]
--------------------------------------------------------------------------------
decoder  : SGRANDDecoder
c_hat    : [0 0 1 0 1 0 1 0 1 0 0 1 1 1 1 1 0 1 0 1 0 0 1]
u_hat    : [0 0 1 1 0 0 1 0 1 1 0 1]
block OK : False
queries  : 2679
================================================================================

================================================================================
>>> Single run: code=Hamming(8,4), decoder=MLDecoder, channel=BIAWGNChannel
--------------------------------------------------------------------------------
u ( 4): [1 1 0 1]
c ( 8): [1 1 0 1 1 0 0 0]
y        : [-1.39, -2.37,  2.49, -2.22,  1.24, -2.64,  0.68,  0.23]
--------------------------------------------------------------------------------
decoder  : MLDecoder
c_hat    : [0 1 0 1 0 1 0 1]
u_hat    : [0 1 0 1]
block OK : False
queries  : 16
================================================================================

================================================================================
>>> Single run: code=Hamming(8,4), decoder=GRANDDecoder, channel=BIAWGNChannel
--------------------------------------------------------------------------------
u ( 4): [0 0 1 0]
c ( 8): [0 0 1 0 0 1 1 1]
y        : [ 1.44,  2.44,  0.73,  3.83, -1.05,  0.21,  0.52, -2.09]
--------------------------------------------------------------------------------
decoder  : GRANDDecoder
c_hat    : [1 0 0 0 1 1 0 1]
u_hat    : [1 0 0 0]
block OK : False
queries  : 14
================================================================================

================================================================================
>>> Single run: code=Hamming(8,4), decoder=SGRANDDecoder, channel=BIAWGNChannel
--------------------------------------------------------------------------------
u ( 4): [0 0 0 1]
c ( 8): [0 0 0 1 1 1 1 0]
y        : [ 0.46,  0.31,  0.33,  1.76, -0.35,  0.4 , -0.14, -0.81]
--------------------------------------------------------------------------------
decoder  : SGRANDDecoder
c_hat    : [0 1 0 0 1 0 1 1]
u_hat    : [0 1 0 0]
block OK : False
queries  : 4
================================================================================

=== Starting Parallel Sweep: GRAND (13 points) ===
[GRAND] Eb/N0=-3.00 dB | WER=5.556e-01 | BER=2.458e-01 | Blocks=180
[GRAND] Eb/N0=-2.50 dB | WER=4.975e-01 | BER=2.297e-01 | Blocks=201
[GRAND] Eb/N0=-1.50 dB | WER=3.401e-01 | BER=1.409e-01 | Blocks=294
[GRAND] Eb/N0=-2.00 dB | WER=3.484e-01 | BER=1.562e-01 | Blocks=287
[GRAND] Eb/N0=-1.00 dB | WER=1.862e-01 | BER=8.520e-02 | Blocks=537
[GRAND] Eb/N0=-0.50 dB | WER=1.311e-01 | BER=5.931e-02 | Blocks=763
[GRAND] Eb/N0= 0.00 dB | WER=9.542e-02 | BER=4.143e-02 | Blocks=1048
[GRAND] Eb/N0= 0.50 dB | WER=5.621e-02 | BER=2.455e-02 | Blocks=1779
[GRAND] Eb/N0= 1.00 dB | WER=3.561e-02 | BER=1.442e-02 | Blocks=2808
[GRAND] Eb/N0= 1.50 dB | WER=1.879e-02 | BER=8.141e-03 | Blocks=5323
[GRAND] Eb/N0= 2.00 dB | WER=9.904e-03 | BER=4.515e-03 | Blocks=10097
[GRAND] Eb/N0= 2.50 dB | WER=4.488e-03 | BER=1.971e-03 | Blocks=22284
[GRAND] Eb/N0= 3.00 dB | WER=1.644e-03 | BER=6.862e-04 | Blocks=60840

=== Starting Parallel Sweep: SGRAND (13 points) ===
[SGRAND] Eb/N0=-3.00 dB | WER=2.874e-01 | BER=1.286e-01 | Blocks=348
[SGRAND] Eb/N0=-2.50 dB | WER=2.119e-01 | BER=1.008e-01 | Blocks=472
[SGRAND] Eb/N0=-2.00 dB | WER=1.565e-01 | BER=7.055e-02 | Blocks=639
[SGRAND] Eb/N0=-1.50 dB | WER=1.143e-01 | BER=4.876e-02 | Blocks=875
[SGRAND] Eb/N0=-1.00 dB | WER=6.566e-02 | BER=2.966e-02 | Blocks=1523
[SGRAND] Eb/N0=-0.50 dB | WER=4.161e-02 | BER=1.911e-02 | Blocks=2403
[SGRAND] Eb/N0= 0.00 dB | WER=1.601e-02 | BER=7.496e-03 | Blocks=6248
[SGRAND] Eb/N0= 0.50 dB | WER=8.986e-03 | BER=4.164e-03 | Blocks=11128
[SGRAND] Eb/N0= 1.00 dB | WER=3.544e-03 | BER=1.607e-03 | Blocks=28217
[SGRAND] Eb/N0= 1.50 dB | WER=1.195e-03 | BER=5.475e-04 | Blocks=83712
[SGRAND] Eb/N0= 2.00 dB | WER=3.777e-04 | BER=1.624e-04 | Blocks=264784
[SGRAND] Eb/N0= 2.50 dB | WER=8.289e-05 | BER=3.675e-05 | Blocks=1206375
[SGRAND] Eb/N0= 3.00 dB | WER=1.800e-05 | BER=8.292e-06 | Blocks=2000000

=== Starting Parallel Sweep: ML (13 points) ===
[ML] Eb/N0=-2.00 dB | WER=1.471e-01 | BER=6.275e-02 | Blocks=680
[ML] Eb/N0=-3.00 dB | WER=2.597e-01 | BER=1.171e-01 | Blocks=385
[ML] Eb/N0=-2.50 dB | WER=2.193e-01 | BER=1.007e-01 | Blocks=456
[ML] Eb/N0=-1.50 dB | WER=1.156e-01 | BER=5.087e-02 | Blocks=865
[ML] Eb/N0=-1.00 dB | WER=8.403e-02 | BER=3.669e-02 | Blocks=1190
[ML] Eb/N0=-0.50 dB | WER=3.621e-02 | BER=1.659e-02 | Blocks=2762
[ML] Eb/N0= 0.00 dB | WER=1.546e-02 | BER=7.084e-03 | Blocks=6470
[ML] Eb/N0= 0.50 dB | WER=9.767e-03 | BER=4.322e-03 | Blocks=10239
[ML] Eb/N0= 1.00 dB | WER=2.821e-03 | BER=1.173e-03 | Blocks=35450
[ML] Eb/N0= 1.50 dB | WER=1.113e-03 | BER=4.889e-04 | Blocks=89831
[ML] Eb/N0= 2.00 dB | WER=3.618e-04 | BER=1.583e-04 | Blocks=276412
[ML] Eb/N0= 2.50 dB | WER=8.331e-05 | BER=3.575e-05 | Blocks=1200343
[ML] Eb/N0= 3.00 dB | WER=2.200e-05 | BER=9.625e-06 | Blocks=2000000

Process finished with exit code 0
